<?xml version="1.0" encoding="UTF-8"?>
<!-- Generated by org.testng.reporters.JUnitReportReporter -->
<testsuite skipped="0" hostname="AR-NB-244" name="com.maven.example.PersonaTest" tests="1" failures="0" timestamp="09 mar 2020 19:11:56 GMT" time="0.006" errors="0">
  <testcase name="testDisplay" time="0.006" classname="com.maven.example.PersonaTest"/>
</testsuite> <!-- com.maven.example.PersonaTest -->
